<?xml version="1.0" encoding="UTF-8"?>
<!-- Generated by org.testng.reporters.JUnitReportReporter -->
<testsuite hostname="DESKTOP-A67D2LQ" failures="0" tests="1" name="TestGroup.GitToJenkins3.TestClass1" time="0.013" errors="0" timestamp="2021-04-07T13:53:37 IST" skipped="0">
  <testcase classname="TestGroup.GitToJenkins3.TestClass1" name="met1" time="0.013"/>
  <system-out/>
</testsuite> <!-- TestGroup.GitToJenkins3.TestClass1 -->
